This is pdfTeX, Version 3.141592653-2.6-1.40.27 (MiKTeX 25.4) (preloaded format=latex 2025.8.15)  2 SEP 2025 07:49
entering extended mode
 restricted \write18 enabled.
 %&-line parsing enabled.
**\makeatletter\def\HCode{\futurelet\HCode\HChar}\def\HChar{\ifx\HCode\def\HCod
e##1{\Link##1}\expandafter\HCode\else\expandafter\Link\fi}\def\Link#1.a.b.c.{\l
et\HCode\documentstyle\def\documentstyle{\let\documentstyle\HCode\expandafter\d
ef\csname tex4ht\endcsname{#1,html}\def\HCode####1{\documentstyle[tex4ht,}\@ifn
extchar[{\HCode}{\documentstyle[tex4ht]}}\RequirePackage[#1,html]{tex4ht}}\make
atother\HCode xhtml,,charset=utf-8,html5.a.b.c.\input \detokenize{some4.tex} > 
nul 2>&1
(C:\Users\miner\AppData\Local\Programs\MiKTeX\tex/generic/tex4ht\tex4ht.sty
version 2023-10-04-13:17
Package: tex4ht 
--------------------------------------
--- Note --- for _ at preamble, use the command line option `early_'
--------------------------------------
--------------------------------------
--- Note --- for ^ at preamble, use the command line option `early^'
--------------------------------------
\tmp:toks=\toks17
) (some4.tex
(C:\Users\miner\AppData\Local\Programs\MiKTeX\tex/generic/tex4ht\usepackage.4ht
version 2023-07-25-12:42
) (C:\Users\miner\AppData\Local\Programs\MiKTeX\tex/latex/base\article.cls
Document Class: article 2025/01/22 v1.4n Standard LaTeX document class
(C:\Users\miner\AppData\Local\Programs\MiKTeX\tex/latex/base\size10.clo
File: size10.clo 2025/01/22 v1.4n Standard LaTeX file (size option)
)
\c@part=\count275
\c@section=\count276
\c@subsection=\count277
\c@subsubsection=\count278
\c@paragraph=\count279
\c@subparagraph=\count280
\c@figure=\count281
\c@table=\count282
\abovecaptionskip=\skip49
\belowcaptionskip=\skip50
\bibindent=\dimen148
) (C:\Users\miner\AppData\Local\Programs\MiKTeX\tex/latex/graphics\graphicx.sty
Package: graphicx 2024/12/31 v1.2e Enhanced LaTeX Graphics (DPC,SPQR)
(C:\Users\miner\AppData\Local\Programs\MiKTeX\tex/latex/graphics\keyval.sty
Package: keyval 2022/05/29 v1.15 key=value parser (DPC)
\KV@toks@=\toks18
)
(C:\Users\miner\AppData\Local\Programs\MiKTeX\tex/generic/tex4ht\graphics-hooks
.4ht
version 2022-08-17-14:25
) (C:\Users\miner\AppData\Local\Programs\MiKTeX\tex/latex/graphics\graphics.sty
Package: graphics 2024/08/06 v1.4g Standard LaTeX Graphics (DPC,SPQR)
(C:\Users\miner\AppData\Local\Programs\MiKTeX\tex/latex/graphics\trig.sty
Package: trig 2023/12/02 v1.11 sin cos tan (DPC)
)
(C:\Users\miner\AppData\Local\Programs\MiKTeX\tex/latex/graphics-cfg\graphics.c
fg
File: graphics.cfg 2016/06/04 v1.11 sample graphics configuration
)
Package graphics Info: Driver file: dvips.def on input line 106.
(C:\Users\miner\AppData\Local\Programs\MiKTeX\tex/latex/graphics-def\dvips.def
File: dvips.def 2022/09/22 v3.1e Graphics/color driver for dvips
))
\Gin@req@height=\dimen149
\Gin@req@width=\dimen150
)
(C:\Users\miner\AppData\Local\Programs\MiKTeX\tex/generic/tex4ht\hyperref-hooks
.4ht
version 2023-09-17-08:01
) (C:\Users\miner\AppData\Local\Programs\MiKTeX\tex/latex/hyperref\hyperref.sty
Package: hyperref 2025-07-12 v7.01o Hypertext links for LaTeX
(C:\Users\miner\AppData\Local\Programs\MiKTeX\tex/generic/iftex\iftex.sty
Package: iftex 2024/12/12 v1.0g TeX engine tests
)
(C:\Users\miner\AppData\Local\Programs\MiKTeX\tex/latex/kvsetkeys\kvsetkeys.sty
Package: kvsetkeys 2022-10-05 v1.19 Key value parser (HO)
)
(C:\Users\miner\AppData\Local\Programs\MiKTeX\tex/generic/kvdefinekeys\kvdefine
keys.sty
Package: kvdefinekeys 2019-12-19 v1.6 Define keys (HO)
)
(C:\Users\miner\AppData\Local\Programs\MiKTeX\tex/generic/pdfescape\pdfescape.s
ty
Package: pdfescape 2019/12/09 v1.15 Implements pdfTeX's escape features (HO)
(C:\Users\miner\AppData\Local\Programs\MiKTeX\tex/generic/ltxcmds\ltxcmds.sty
Package: ltxcmds 2023-12-04 v1.26 LaTeX kernel commands for general use (HO)
)
(C:\Users\miner\AppData\Local\Programs\MiKTeX\tex/generic/pdftexcmds\pdftexcmds
.sty
Package: pdftexcmds 2020-06-27 v0.33 Utility functions of pdfTeX for LuaTeX (HO
)

(C:\Users\miner\AppData\Local\Programs\MiKTeX\tex/generic/infwarerr\infwarerr.s
ty
Package: infwarerr 2019/12/03 v1.5 Providing info/warning/error messages (HO)
)
Package pdftexcmds Info: \pdf@primitive is available.
Package pdftexcmds Info: \pdf@ifprimitive is available.
Package pdftexcmds Info: \pdfdraftmode is ignored in DVI mode.
)) (C:\Users\miner\AppData\Local\Programs\MiKTeX\tex/latex/hycolor\hycolor.sty
Package: hycolor 2020-01-27 v1.10 Color options for hyperref/bookmark (HO)
) (C:\Users\miner\AppData\Local\Programs\MiKTeX\tex/latex/hyperref\nameref.sty
Package: nameref 2025-06-21 v2.57 Cross-referencing by name of section
(C:\Users\miner\AppData\Local\Programs\MiKTeX\tex/latex/refcount\refcount.sty
Package: refcount 2019/12/15 v3.6 Data extraction from label references (HO)
)
(C:\Users\miner\AppData\Local\Programs\MiKTeX\tex/generic/gettitlestring\gettit
lestring.sty
Package: gettitlestring 2019/12/15 v1.6 Cleanup title references (HO)

(C:\Users\miner\AppData\Local\Programs\MiKTeX\tex/latex/kvoptions\kvoptions.sty
Package: kvoptions 2022-06-15 v3.15 Key value format for package options (HO)
))
\c@section@level=\count283
) (C:\Users\miner\AppData\Local\Programs\MiKTeX\tex/latex/etoolbox\etoolbox.sty
Package: etoolbox 2025/02/11 v2.5l e-TeX tools for LaTeX (JAW)
\etb@tempcnta=\count284
)
(C:\Users\miner\AppData\Local\Programs\MiKTeX\tex/generic/stringenc\stringenc.s
ty
Package: stringenc 2019/11/29 v1.12 Convert strings between diff. encodings (HO
)
)
\@linkdim=\dimen151
\Hy@linkcounter=\count285
\Hy@pagecounter=\count286
(C:\Users\miner\AppData\Local\Programs\MiKTeX\tex/latex/hyperref\pd1enc.def
File: pd1enc.def 2025-07-12 v7.01o Hyperref: PDFDocEncoding definition (HO)
Now handling font encoding PD1 ...
... no UTF-8 mapping file for font encoding PD1
) (C:\Users\miner\AppData\Local\Programs\MiKTeX\tex/generic/intcalc\intcalc.sty
Package: intcalc 2019/12/15 v1.3 Expandable calculations with integers (HO)
)
\Hy@SavedSpaceFactor=\count287
(C:\Users\miner\AppData\Local\Programs\MiKTeX\tex/latex/hyperref\puenc.def
File: puenc.def 2025-07-12 v7.01o Hyperref: PDF Unicode definition (HO)
Now handling font encoding PU ...
... no UTF-8 mapping file for font encoding PU
)
Package hyperref Info: Option `colorlinks' set `true' on input line 4066.
Package hyperref Info: Hyper figures OFF on input line 4195.
Package hyperref Info: Link nesting OFF on input line 4200.
Package hyperref Info: Hyper index ON on input line 4203.
Package hyperref Info: Plain pages OFF on input line 4210.
Package hyperref Info: Backreferencing OFF on input line 4215.
Package hyperref Info: Implicit mode ON; LaTeX internals redefined.
Package hyperref Info: Bookmarks ON on input line 4462.
\c@Hy@tempcnt=\count288
(C:\Users\miner\AppData\Local\Programs\MiKTeX\tex/latex/url\url.sty
\Urlmuskip=\muskip17
Package: url 2013/09/16  ver 3.4  Verb mode for urls, etc.
)
LaTeX Info: Redefining \url on input line 4801.
\XeTeXLinkMargin=\dimen152
(C:\Users\miner\AppData\Local\Programs\MiKTeX\tex/generic/bitset\bitset.sty
Package: bitset 2019/12/09 v1.3 Handle bit-vector datatype (HO)

(C:\Users\miner\AppData\Local\Programs\MiKTeX\tex/generic/bigintcalc\bigintcalc
.sty
Package: bigintcalc 2019/12/15 v1.5 Expandable calculations on big integers (HO
)
))
\Fld@menulength=\count289
\Field@Width=\dimen153
\Fld@charsize=\dimen154
\Field@toks=\toks19
Package hyperref Info: Hyper figures OFF on input line 6078.
Package hyperref Info: Link nesting OFF on input line 6083.
Package hyperref Info: Hyper index ON on input line 6086.
Package hyperref Info: backreferencing OFF on input line 6093.
Package hyperref Info: Link coloring ON on input line 6096.
Package hyperref Info: Link coloring with OCG OFF on input line 6103.
Package hyperref Info: PDF/A mode OFF on input line 6108.
\Hy@abspage=\count290

Package hyperref Message: Stopped early.

)
Package hyperref Info: Driver: htex4ht.
(C:\Users\miner\AppData\Local\Programs\MiKTeX\tex/latex/hyperref\htex4ht.def
File: htex4ht.def 2025-07-12 v7.01o Hyperref driver for TeX4ht
Package hyperref Info: tex4ht is already loaded.
) (C:\Users\miner\AppData\Local\Programs\MiKTeX\tex/latex/amsmath\amsmath.sty
Package: amsmath 2025/06/16 v2.17y AMS math features
\@mathmargin=\skip51
For additional information on amsmath, use the `?' option.
(C:\Users\miner\AppData\Local\Programs\MiKTeX\tex/latex/amsmath\amstext.sty
Package: amstext 2024/11/17 v2.01 AMS text
(C:\Users\miner\AppData\Local\Programs\MiKTeX\tex/latex/amsmath\amsgen.sty
File: amsgen.sty 1999/11/30 v2.0 generic functions
\@emptytoks=\toks20
\ex@=\dimen155
)) (C:\Users\miner\AppData\Local\Programs\MiKTeX\tex/latex/amsmath\amsbsy.sty
Package: amsbsy 1999/11/29 v1.2d Bold Symbols
\pmbraise@=\dimen156
) (C:\Users\miner\AppData\Local\Programs\MiKTeX\tex/latex/amsmath\amsopn.sty
Package: amsopn 2022/04/08 v2.04 operator names
)
\inf@bad=\count291
LaTeX Info: Redefining \frac on input line 233.
\uproot@=\count292
\leftroot@=\count293
LaTeX Info: Redefining \overline on input line 398.
LaTeX Info: Redefining \colon on input line 409.
\classnum@=\count294
\DOTSCASE@=\count295
LaTeX Info: Redefining \ldots on input line 495.
LaTeX Info: Redefining \dots on input line 498.
LaTeX Info: Redefining \cdots on input line 619.
\Mathstrutbox@=\box53
\strutbox@=\box54
LaTeX Info: Redefining \big on input line 721.
LaTeX Info: Redefining \Big on input line 722.
LaTeX Info: Redefining \bigg on input line 723.
LaTeX Info: Redefining \Bigg on input line 724.
\big@size=\dimen157
LaTeX Font Info:    Redeclaring font encoding OML on input line 742.
LaTeX Font Info:    Redeclaring font encoding OMS on input line 743.
\macc@depth=\count296
LaTeX Info: Redefining \bmod on input line 904.
LaTeX Info: Redefining \pmod on input line 909.
LaTeX Info: Redefining \smash on input line 939.
LaTeX Info: Redefining \relbar on input line 969.
LaTeX Info: Redefining \Relbar on input line 970.
\c@MaxMatrixCols=\count297
\dotsspace@=\muskip18
\c@parentequation=\count298
\dspbrk@lvl=\count299
\tag@help=\toks21
\row@=\count300
\column@=\count301
\maxfields@=\count302
\andhelp@=\toks22
\eqnshift@=\dimen158
\alignsep@=\dimen159
\tagshift@=\dimen160
\tagwidth@=\dimen161
\totwidth@=\dimen162
\lineht@=\dimen163
\@envbody=\toks23
\multlinegap=\skip52
\multlinetaggap=\skip53
\mathdisplay@stack=\toks24
LaTeX Info: Redefining \[ on input line 2949.
LaTeX Info: Redefining \] on input line 2950.
) (C:\Users\miner\AppData\Local\Programs\MiKTeX\tex/latex/amsfonts\amssymb.sty
Package: amssymb 2013/01/14 v3.01 AMS font symbols
(C:\Users\miner\AppData\Local\Programs\MiKTeX\tex/latex/amsfonts\amsfonts.sty
Package: amsfonts 2013/01/14 v3.01 Basic AMSFonts support
\symAMSa=\mathgroup4
\symAMSb=\mathgroup5
LaTeX Font Info:    Redeclaring math symbol \hbar on input line 98.
LaTeX Font Info:    Overwriting math alphabet `\mathfrak' in version `bold'
(Font)                  U/euf/m/n --> U/euf/b/n on input line 106.
)) (C:\Users\miner\AppData\Local\Programs\MiKTeX\tex/latex/float\float.sty
Package: float 2001/11/08 v1.3d Float enhancements (AL)
\c@float@type=\count303
\float@exts=\toks25
\float@box=\box55
\@float@everytoks=\toks26
\@floatcapt=\box56
) (C:\Users\miner\AppData\Local\Programs\MiKTeX\tex/latex/easylist\easylist.sty
Package: easylist 2014/01/11 v.1.4 Numbered items with a single command.
\el@CounterTotal=\count304
\el@Scratch=\count305
\el@ControlCounter=\count306
\el@CounterLevel=\count307
\c@List1=\count308
\c@List2=\count309
\c@List3=\count310
\c@List4=\count311
\c@List5=\count312
\c@List6=\count313
\c@List7=\count314
\c@List8=\count315
\c@List9=\count316
\c@List10=\count317
\el@ProgressiveDimension=\dimen164
\el@CounterBox=\box57
\el@ControlBox=\box58
\el@TotalMargin=\dimen165
\el@LeftMove=\dimen166
) (C:\Users\miner\AppData\Local\Programs\MiKTeX\tex/generic/tex4ht\tex4ht.4ht
version 2022-07-05-14:37
--------------------------------------
--- Note --- for additional information, use the command line option `info'
--------------------------------------
::::::::::::::::::::::::::::::::::::::::::
 TeX4ht info is available in the log file 
::::::::::::::::::::::::::::::::::::::::::
) (C:\Users\miner\AppData\Local\Programs\MiKTeX\tex/generic/tex4ht\tex4ht.sty
version 2023-10-04-13:17
(C:\Users\miner\AppData\Local\Programs\MiKTeX\tex/latex/graphics\color.sty
Package: color 2025/01/14 v1.3e Standard LaTeX Color (DPC)
(C:\Users\miner\AppData\Local\Programs\MiKTeX\tex/latex/graphics-cfg\color.cfg
File: color.cfg 2016/01/02 v1.6 sample color configuration
)
Package color Info: Driver file: dvips.def on input line 149.
(C:\Users\miner\AppData\Local\Programs\MiKTeX\tex/latex/graphics\dvipsnam.def
File: dvipsnam.def 2016/06/17 v3.0m Driver-dependent file (DPC,SPQR)
) (C:\Users\miner\AppData\Local\Programs\MiKTeX\tex/latex/graphics\mathcolor.lt
x))
l.870 --- TeX4ht warning --- nonprimitive \everypar ---
--- needs --- tex4ht some4 ---
\tmp:cnt=\count318
\openout15 = `some4.tmp'.

(some4.tmp)
\tmp:dim=\skip54
(some4.xref)
\:refout=\write3
\openout3 = `some4.xref'.

(C:\Users\miner\AppData\Local\Programs\MiKTeX\tex/generic/tex4ht\html4.4ht
version 2023-10-13-14:16
--------------------------------------
--- Note --- to remove the <?xml version=...?> processing instruction use the c
ommand line option `no-VERSION'
--------------------------------------
--------------------------------------
--- Note --- to remove the DOCTYPE declaration use the command line option `no-
DOCTYPE'
--------------------------------------
) (C:\Users\miner\AppData\Local\Programs\MiKTeX\tex/generic/tex4ht\unicode.4ht
version 2023-04-02-08:01
)
(C:\Users\miner\AppData\Local\Programs\MiKTeX\tex/generic/tex4ht\html4-math.4ht
version 2022-10-25-13:59
) (C:\Users\miner\AppData\Local\Programs\MiKTeX\tex/generic/tex4ht\html5.4ht
version 2023-10-09-13:31
)
--------------------------------------
--- Note --- for marking of the base font, use the command line option `fonts+'

--------------------------------------
--------------------------------------
--- Note --- for non active _, use the command line option `no_'
--------------------------------------
--------------------------------------
--- Note --- for _ of catcode 13, use the command line option `_13'
--------------------------------------
--------------------------------------
--- Note --- for non active ^, use the command line option `no^'
--------------------------------------
--------------------------------------
--- Note --- for ^ of catcode 13, use the command line option `^13'
--------------------------------------
(C:\Users\miner\AppData\Local\Programs\MiKTeX\tex/generic/tex4ht\html4.4ht
version 2023-10-13-14:16
--------------------------------------
--- Note --- to ignore CSS font decoration, use the `NoFonts' command line opti
on
--------------------------------------
--------------------------------------
--- Note --- for jpg bitmaps of pictures, use the `jpg' command line option. (C
haracter bitmaps are controled only by `g' records of tex4ht.env and `-g' switc
hes of tex4ht.c) 
--------------------------------------
--------------------------------------
--- Note --- for gif bitmaps of pictures, use the `gif' command line option. (C
haracter bitmaps are controled only by `g' records of tex4ht.env and `-g' switc
hes of tex4ht.c) 
--------------------------------------
--------------------------------------
--- Note --- for content and toc in 2 frames, use the command line option `fram
es'
--------------------------------------
--------------------------------------
--- Note --- for content, toc, and footnotes in 3 frames, use the command line 
option `frames-fn'
--------------------------------------
--------------------------------------
--- Note --- for file extension name xht, use the command line option `xht'
--------------------------------------
TeX4ht package options: xhtml,charset=utf-8,html5,html
--------------------------------------
--- Note --- To print a timestamp, use the command line option timestamp
--------------------------------------
--------------------------------------
--- Note --- to ignore CSS code, use the command line option `-css
--------------------------------------
--------------------------------------
--- Note --- for inline CSS code, use the command line option `css-in'
--------------------------------------
--------------------------------------
--- Note --- for pop ups on mouse over, use the command line option `mouseover'

--------------------------------------
--------------------------------------
--- Note --- for addressing images in a subdirectory, use the command line opti
on `imgdir:.../'
--------------------------------------
) (C:\Users\miner\AppData\Local\Programs\MiKTeX\tex/generic/tex4ht\unicode.4ht
version 2023-04-02-08:01
)
(C:\Users\miner\AppData\Local\Programs\MiKTeX\tex/generic/tex4ht\html4-math.4ht
version 2022-10-25-13:59
) (C:\Users\miner\AppData\Local\Programs\MiKTeX\tex/generic/tex4ht\html5.4ht
version 2023-10-09-13:31
--------------------------------------
--- Note --- To print a timestamp, use the command line option timestamp
--------------------------------------
--------------------------------------
--- Note --- We use a default CSS style. Use the `nostyle' option if you want t
o use custom a CSS design
--------------------------------------
)
\:tokwrite=\toks27
\:tokpage=\toks28
--------------------------------------
--- Note --- for back links to toc, use the command line option `sections+'
--------------------------------------
--------------------------------------
--- Note --- for linear crosslinks of pages, use the command line option `next'

--------------------------------------
\openout15 = `some4.4ct'.

\:tocout=\write4
\openout4 = `some4.4tc'.

(some4.4tc) (C:\Users\miner\AppData\Local\Programs\MiKTeX\tex/generic/tex4ht\ht
ml4.4ht
version 2023-10-13-14:16
) (C:\Users\miner\AppData\Local\Programs\MiKTeX\tex/generic/tex4ht\unicode.4ht
version 2023-04-02-08:01
)
(C:\Users\miner\AppData\Local\Programs\MiKTeX\tex/generic/tex4ht\html4-math.4ht
version 2022-10-25-13:59
) (C:\Users\miner\AppData\Local\Programs\MiKTeX\tex/generic/tex4ht\html5.4ht
version 2023-10-09-13:31
) (C:\Users\miner\AppData\Local\Programs\MiKTeX\tex/generic/tex4ht\latex.4ht
version 2023-10-02-13:11
LaTeX Info: Redefining \_ on input line 179.
LaTeX Info: Redefining \begin on input line 597.
LaTeX Info: Redefining \end on input line 645.
LaTeX Info: Redefining \, on input line 807.
LaTeX Info: Redefining \; on input line 808.
LaTeX Info: Redefining \! on input line 809.
LaTeX Info: Redefining \: on input line 810.
LaTeX Info: Redefining \> on input line 811.
--------------------------------------
--- Note --- for links into captions, instead of float heads, use the command l
ine option `refcaption'
--------------------------------------
(C:\Users\miner\AppData\Local\Programs\MiKTeX\tex/generic/tex4ht\html4.4ht
version 2023-10-13-14:16
) (C:\Users\miner\AppData\Local\Programs\MiKTeX\tex/generic/tex4ht\unicode.4ht
version 2023-04-02-08:01
)
(C:\Users\miner\AppData\Local\Programs\MiKTeX\tex/generic/tex4ht\html4-math.4ht
version 2022-10-25-13:59
) (C:\Users\miner\AppData\Local\Programs\MiKTeX\tex/generic/tex4ht\html5.4ht
version 2023-10-09-13:31
) (C:\Users\miner\AppData\Local\Programs\MiKTeX\tex/generic/tex4ht\html4.4ht
version 2023-10-13-14:16
--------------------------------------
--- Note --- For mini tocs immediately aftter the header use the command line o
ption `minitoc<'
--------------------------------------
--------------------------------------
--- Note --- for enumerated list elements with valued data, use the command lin
e option `enumerate+'
--------------------------------------
--------------------------------------
--- Note --- for enumerated list elements li's with value attributes, use the c
ommand line option `enumerate-'
--------------------------------------
--------------------------------------
--- Note --- for CSS2 code, use the command line option `css2'
--------------------------------------
--------------------------------------
--- Note --- for pictorial tabular, use the command line option `pic-tabular'
--------------------------------------
--------------------------------------
--- Note --- for bitmap fbox'es, use the command line option `pic-fbox'
--------------------------------------
--------------------------------------
--- Note --- for bitmap framebox'es, use the command line option `pic-framebox'

--------------------------------------
--------------------------------------
--- Note --- for inline footnotes use command line option `fn-in'
--------------------------------------
--------------------------------------
--- Note --- for tracing of latex font commands, use the command line option `f
onts'
--------------------------------------
--------------------------------------
--- Note --- for width specifications of tabular p entries, use the `p-width' c
ommand line option or a configuration similar to \Configure{HColWidth}{\HCode{ 
style="width:\HColWidth"}}
--------------------------------------
) (C:\Users\miner\AppData\Local\Programs\MiKTeX\tex/generic/tex4ht\unicode.4ht
version 2023-04-02-08:01
)
(C:\Users\miner\AppData\Local\Programs\MiKTeX\tex/generic/tex4ht\html4-math.4ht
version 2022-10-25-13:59
--------------------------------------
--- Note --- for pictorial eqnarray, use the command line option `pic-eqnarray'

--------------------------------------
--------------------------------------
--- Note --- for pictorial array, use the command line option `pic-array'
--------------------------------------
--------------------------------------
--- Note --- for pictorial $...$ environments, use the command line option `pic
-m' (not recommended!!)
--------------------------------------
--------------------------------------
--- Note --- for pictorial $...$ and $$...$$ environments with latex alt, use t
he command line option `pic-m+' (not safe!!)
--------------------------------------
--------------------------------------
--- Note --- for pictorial array, use the command line option `pic-array'
--------------------------------------
) (C:\Users\miner\AppData\Local\Programs\MiKTeX\tex/generic/tex4ht\html5.4ht
version 2023-10-09-13:31
)) (C:\Users\miner\AppData\Local\Programs\MiKTeX\tex/generic/tex4ht\fontmath.4h
t
version 2022-10-25-13:59
(C:\Users\miner\AppData\Local\Programs\MiKTeX\tex/generic/tex4ht\html4.4ht
version 2023-10-13-14:16
) (C:\Users\miner\AppData\Local\Programs\MiKTeX\tex/generic/tex4ht\unicode.4ht
version 2023-04-02-08:01
)
(C:\Users\miner\AppData\Local\Programs\MiKTeX\tex/generic/tex4ht\html4-math.4ht
version 2022-10-25-13:59
) (C:\Users\miner\AppData\Local\Programs\MiKTeX\tex/generic/tex4ht\html5.4ht
version 2023-10-09-13:31
)) (C:\Users\miner\AppData\Local\Programs\MiKTeX\tex/generic/tex4ht\article.4ht
version 2023-04-10-13:46
(C:\Users\miner\AppData\Local\Programs\MiKTeX\tex/generic/tex4ht\html4.4ht
version 2023-10-13-14:16
--------------------------------------
--- Note --- for automatic sectioning pagination, use the command line option `
1', `2', `3', '4', '5', '6', or '7'
--------------------------------------
--------------------------------------
--- Note --- for files named derived from section titles, use the command line 
option `sec-filename'
--------------------------------------
--------------------------------------
--- Note --- for i-columns index, use the command line option `index=i' (e.g., 
index=2)
--------------------------------------
) (C:\Users\miner\AppData\Local\Programs\MiKTeX\tex/generic/tex4ht\unicode.4ht
version 2023-04-02-08:01
)
(C:\Users\miner\AppData\Local\Programs\MiKTeX\tex/generic/tex4ht\html4-math.4ht
version 2022-10-25-13:59
) (C:\Users\miner\AppData\Local\Programs\MiKTeX\tex/generic/tex4ht\html5.4ht
version 2023-10-09-13:31
)) (C:\Users\miner\AppData\Local\Programs\MiKTeX\tex/generic/tex4ht\graphicx.4h
t
version 2022-01-12-13:53
(C:\Users\miner\AppData\Local\Programs\MiKTeX\tex/generic/tex4ht\html4.4ht
version 2023-10-13-14:16
) (C:\Users\miner\AppData\Local\Programs\MiKTeX\tex/generic/tex4ht\unicode.4ht
version 2023-04-02-08:01
)
(C:\Users\miner\AppData\Local\Programs\MiKTeX\tex/generic/tex4ht\html4-math.4ht
version 2022-10-25-13:59
) (C:\Users\miner\AppData\Local\Programs\MiKTeX\tex/generic/tex4ht\html5.4ht
version 2023-10-09-13:31
)) (C:\Users\miner\AppData\Local\Programs\MiKTeX\tex/generic/tex4ht\graphics.4h
t
version 2022-03-20-14:29
(C:\Users\miner\AppData\Local\Programs\MiKTeX\tex/generic/tex4ht\html4.4ht
version 2023-10-13-14:16
--------------------------------------
--- Note --- if included graphics are of degraded quality, try the command line
 options `graphics-num' or `graphics-'. The `num' should provide the density of
 pixels in the bitmaps (e.g., 110). 
--------------------------------------
--------------------------------------
--- Note --- for setting image dimensions, try the option `Gin-dim'; to use per
cents instead of units, use `Gin-perecent'; for key dimensions when bounding bo
x is unavailable try `Gin-dim+'; neither is recommended
--------------------------------------
) (C:\Users\miner\AppData\Local\Programs\MiKTeX\tex/generic/tex4ht\unicode.4ht
version 2023-04-02-08:01
)
(C:\Users\miner\AppData\Local\Programs\MiKTeX\tex/generic/tex4ht\html4-math.4ht
version 2022-10-25-13:59
) (C:\Users\miner\AppData\Local\Programs\MiKTeX\tex/generic/tex4ht\html5.4ht
version 2023-10-09-13:31
)) (C:\Users\miner\AppData\Local\Programs\MiKTeX\tex/generic/tex4ht\dvips.4ht
version 2009-05-21-09:32
(C:\Users\miner\AppData\Local\Programs\MiKTeX\tex/generic/tex4ht\html4.4ht
version 2023-10-13-14:16
) (C:\Users\miner\AppData\Local\Programs\MiKTeX\tex/generic/tex4ht\unicode.4ht
version 2023-04-02-08:01
)
(C:\Users\miner\AppData\Local\Programs\MiKTeX\tex/generic/tex4ht\html4-math.4ht
version 2022-10-25-13:59
) (C:\Users\miner\AppData\Local\Programs\MiKTeX\tex/generic/tex4ht\html5.4ht
version 2023-10-09-13:31
)) (C:\Users\miner\AppData\Local\Programs\MiKTeX\tex/generic/tex4ht\hyperref.4h
t
version 2022-07-01-14:27
LaTeX Info: Redefining \autoref on input line 88.
\Hy@SectionHShift=\skip55
(C:\Users\miner\AppData\Local\Programs\MiKTeX\tex/generic/tex4ht\html4.4ht
version 2023-10-13-14:16
) (C:\Users\miner\AppData\Local\Programs\MiKTeX\tex/generic/tex4ht\unicode.4ht
version 2023-04-02-08:01
)
(C:\Users\miner\AppData\Local\Programs\MiKTeX\tex/generic/tex4ht\html4-math.4ht
version 2022-10-25-13:59
) (C:\Users\miner\AppData\Local\Programs\MiKTeX\tex/generic/tex4ht\html5.4ht
version 2023-10-09-13:31
)) (C:\Users\miner\AppData\Local\Programs\MiKTeX\tex/generic/tex4ht\nameref.4ht
version 2022-12-30-15:46
(C:\Users\miner\AppData\Local\Programs\MiKTeX\tex/generic/tex4ht\html4.4ht
version 2023-10-13-14:16
) (C:\Users\miner\AppData\Local\Programs\MiKTeX\tex/generic/tex4ht\unicode.4ht
version 2023-04-02-08:01
)
(C:\Users\miner\AppData\Local\Programs\MiKTeX\tex/generic/tex4ht\html4-math.4ht
version 2022-10-25-13:59
) (C:\Users\miner\AppData\Local\Programs\MiKTeX\tex/generic/tex4ht\html5.4ht
version 2023-10-09-13:31
)) (C:\Users\miner\AppData\Local\Programs\MiKTeX\tex/generic/tex4ht\pd1enc.4ht
version 2009-05-21-09:32
(C:\Users\miner\AppData\Local\Programs\MiKTeX\tex/generic/tex4ht\html4.4ht
version 2023-10-13-14:16
) (C:\Users\miner\AppData\Local\Programs\MiKTeX\tex/generic/tex4ht\unicode.4ht
version 2023-04-02-08:01
)
(C:\Users\miner\AppData\Local\Programs\MiKTeX\tex/generic/tex4ht\html4-math.4ht
version 2022-10-25-13:59
) (C:\Users\miner\AppData\Local\Programs\MiKTeX\tex/generic/tex4ht\html5.4ht
version 2023-10-09-13:31
)) (C:\Users\miner\AppData\Local\Programs\MiKTeX\tex/generic/tex4ht\url.4ht
version 2023-02-19-10:11
(C:\Users\miner\AppData\Local\Programs\MiKTeX\tex/generic/tex4ht\html4.4ht
version 2023-10-13-14:16
--------------------------------------
--- Note --- for URL encoding within href use the command line option `url-enc'

--------------------------------------
) (C:\Users\miner\AppData\Local\Programs\MiKTeX\tex/generic/tex4ht\unicode.4ht
version 2023-04-02-08:01
)
(C:\Users\miner\AppData\Local\Programs\MiKTeX\tex/generic/tex4ht\html4-math.4ht
version 2022-10-25-13:59
) (C:\Users\miner\AppData\Local\Programs\MiKTeX\tex/generic/tex4ht\html5.4ht
version 2023-10-09-13:31
)) (C:\Users\miner\AppData\Local\Programs\MiKTeX\tex/generic/tex4ht\amsmath.4ht
version 2023-08-13-13:20
\tmp:muskip=\muskip19
(C:\Users\miner\AppData\Local\Programs\MiKTeX\tex/generic/tex4ht\html4.4ht
version 2023-10-13-14:16
) (C:\Users\miner\AppData\Local\Programs\MiKTeX\tex/generic/tex4ht\unicode.4ht
version 2023-04-02-08:01
)
(C:\Users\miner\AppData\Local\Programs\MiKTeX\tex/generic/tex4ht\html4-math.4ht
version 2022-10-25-13:59
LaTeX Info: Redefining \[ on input line 507.
LaTeX Info: Redefining \] on input line 507.
) (C:\Users\miner\AppData\Local\Programs\MiKTeX\tex/generic/tex4ht\html5.4ht
version 2023-10-09-13:31
)) (C:\Users\miner\AppData\Local\Programs\MiKTeX\tex/generic/tex4ht\amstext.4ht
version 2009-05-21-09:32
(C:\Users\miner\AppData\Local\Programs\MiKTeX\tex/generic/tex4ht\html4.4ht
version 2023-10-13-14:16
) (C:\Users\miner\AppData\Local\Programs\MiKTeX\tex/generic/tex4ht\unicode.4ht
version 2023-04-02-08:01
)
(C:\Users\miner\AppData\Local\Programs\MiKTeX\tex/generic/tex4ht\html4-math.4ht
version 2022-10-25-13:59
) (C:\Users\miner\AppData\Local\Programs\MiKTeX\tex/generic/tex4ht\html5.4ht
version 2023-10-09-13:31
)) (C:\Users\miner\AppData\Local\Programs\MiKTeX\tex/generic/tex4ht\amsbsy.4ht
version 2009-05-21-09:32
(C:\Users\miner\AppData\Local\Programs\MiKTeX\tex/generic/tex4ht\html4.4ht
version 2023-10-13-14:16
) (C:\Users\miner\AppData\Local\Programs\MiKTeX\tex/generic/tex4ht\unicode.4ht
version 2023-04-02-08:01
)
(C:\Users\miner\AppData\Local\Programs\MiKTeX\tex/generic/tex4ht\html4-math.4ht
version 2022-10-25-13:59
) (C:\Users\miner\AppData\Local\Programs\MiKTeX\tex/generic/tex4ht\html5.4ht
version 2023-10-09-13:31
)) (C:\Users\miner\AppData\Local\Programs\MiKTeX\tex/generic/tex4ht\amsopn.4ht
version 2009-05-21-09:32
(C:\Users\miner\AppData\Local\Programs\MiKTeX\tex/generic/tex4ht\html4.4ht
version 2023-10-13-14:16
) (C:\Users\miner\AppData\Local\Programs\MiKTeX\tex/generic/tex4ht\unicode.4ht
version 2023-04-02-08:01
)
(C:\Users\miner\AppData\Local\Programs\MiKTeX\tex/generic/tex4ht\html4-math.4ht
version 2022-10-25-13:59
) (C:\Users\miner\AppData\Local\Programs\MiKTeX\tex/generic/tex4ht\html5.4ht
version 2023-10-09-13:31
)) (C:\Users\miner\AppData\Local\Programs\MiKTeX\tex/generic/tex4ht\amssymb.4ht
version 2009-05-21-09:32
(C:\Users\miner\AppData\Local\Programs\MiKTeX\tex/generic/tex4ht\html4.4ht
version 2023-10-13-14:16
) (C:\Users\miner\AppData\Local\Programs\MiKTeX\tex/generic/tex4ht\unicode.4ht
version 2023-04-02-08:01
)
(C:\Users\miner\AppData\Local\Programs\MiKTeX\tex/generic/tex4ht\html4-math.4ht
version 2022-10-25-13:59
) (C:\Users\miner\AppData\Local\Programs\MiKTeX\tex/generic/tex4ht\html5.4ht
version 2023-10-09-13:31
)) (C:\Users\miner\AppData\Local\Programs\MiKTeX\tex/generic/tex4ht\amsfonts.4h
t
version 2009-05-21-09:32
(C:\Users\miner\AppData\Local\Programs\MiKTeX\tex/generic/tex4ht\html4.4ht
version 2023-10-13-14:16
) (C:\Users\miner\AppData\Local\Programs\MiKTeX\tex/generic/tex4ht\unicode.4ht
version 2023-04-02-08:01
)
(C:\Users\miner\AppData\Local\Programs\MiKTeX\tex/generic/tex4ht\html4-math.4ht
version 2022-10-25-13:59
) (C:\Users\miner\AppData\Local\Programs\MiKTeX\tex/generic/tex4ht\html5.4ht
version 2023-10-09-13:31
)) (C:\Users\miner\AppData\Local\Programs\MiKTeX\tex/generic/tex4ht\float.4ht
version 2009-05-21-09:32
(C:\Users\miner\AppData\Local\Programs\MiKTeX\tex/generic/tex4ht\html4.4ht
version 2023-10-13-14:16
) (C:\Users\miner\AppData\Local\Programs\MiKTeX\tex/generic/tex4ht\unicode.4ht
version 2023-04-02-08:01
)
(C:\Users\miner\AppData\Local\Programs\MiKTeX\tex/generic/tex4ht\html4-math.4ht
version 2022-10-25-13:59
) (C:\Users\miner\AppData\Local\Programs\MiKTeX\tex/generic/tex4ht\html5.4ht
version 2023-10-09-13:31
)) (C:\Users\miner\AppData\Local\Programs\MiKTeX\tex/generic/tex4ht\color.4ht
version 2022-02-01-14:27
(C:\Users\miner\AppData\Local\Programs\MiKTeX\tex/generic/tex4ht\html4.4ht
version 2023-10-13-14:16
) (C:\Users\miner\AppData\Local\Programs\MiKTeX\tex/generic/tex4ht\unicode.4ht
version 2023-04-02-08:01
)
(C:\Users\miner\AppData\Local\Programs\MiKTeX\tex/generic/tex4ht\html4-math.4ht
version 2022-10-25-13:59
) (C:\Users\miner\AppData\Local\Programs\MiKTeX\tex/generic/tex4ht\html5.4ht
version 2023-10-09-13:31
)) (C:\Users\miner\AppData\Local\Programs\MiKTeX\tex/generic/tex4ht\dvipsnam.4h
t
version 2009-05-21-09:32
(C:\Users\miner\AppData\Local\Programs\MiKTeX\tex/latex/graphics\dvipsnam.def) 
(C:\Users\miner\AppData\Local\Programs\MiKTeX\tex/generic/tex4ht\html4.4ht
version 2023-10-13-14:16
) (C:\Users\miner\AppData\Local\Programs\MiKTeX\tex/generic/tex4ht\unicode.4ht
version 2023-04-02-08:01
)
(C:\Users\miner\AppData\Local\Programs\MiKTeX\tex/generic/tex4ht\html4-math.4ht
version 2022-10-25-13:59
) (C:\Users\miner\AppData\Local\Programs\MiKTeX\tex/generic/tex4ht\html5.4ht
version 2023-10-09-13:31
)) (C:\Users\miner\AppData\Local\Programs\MiKTeX\tex/generic/tex4ht\html4.4ht
version 2023-10-13-14:16
) (C:\Users\miner\AppData\Local\Programs\MiKTeX\tex/generic/tex4ht\unicode.4ht
version 2023-04-02-08:01
)
(C:\Users\miner\AppData\Local\Programs\MiKTeX\tex/generic/tex4ht\html4-math.4ht
version 2022-10-25-13:59
) (C:\Users\miner\AppData\Local\Programs\MiKTeX\tex/generic/tex4ht\html5.4ht
version 2023-10-09-13:31
))
(C:\Users\miner\AppData\Local\Programs\MiKTeX\tex/latex/l3backend\l3backend-dvi
ps.def
File: l3backend-dvips.def 2025-06-09 L3 backend support: dvips
\l__pdfannot_backend_content_box=\box59
\l__pdfannot_backend_model_box=\box60
\g__pdfannot_backend_int=\count319
\g__pdfannot_backend_link_int=\count320
\g__pdfannot_backend_link_sf_int=\count321
) (some4.aux)
\openout1 = `some4.aux'.

LaTeX Font Info:    Checking defaults for OML/cmm/m/it on input line 14.
LaTeX Font Info:    ... okay on input line 14.
LaTeX Font Info:    Checking defaults for OMS/cmsy/m/n on input line 14.
LaTeX Font Info:    ... okay on input line 14.
LaTeX Font Info:    Checking defaults for OT1/cmr/m/n on input line 14.
LaTeX Font Info:    ... okay on input line 14.
LaTeX Font Info:    Checking defaults for T1/cmr/m/n on input line 14.
LaTeX Font Info:    ... okay on input line 14.
LaTeX Font Info:    Checking defaults for TS1/cmr/m/n on input line 14.
LaTeX Font Info:    ... okay on input line 14.
LaTeX Font Info:    Checking defaults for OMX/cmex/m/n on input line 14.
LaTeX Font Info:    ... okay on input line 14.
LaTeX Font Info:    Checking defaults for U/cmr/m/n on input line 14.
LaTeX Font Info:    ... okay on input line 14.
LaTeX Font Info:    Checking defaults for PD1/pdf/m/n on input line 14.
LaTeX Font Info:    ... okay on input line 14.
LaTeX Font Info:    Checking defaults for PU/pdf/m/n on input line 14.
LaTeX Font Info:    ... okay on input line 14.
Package hyperref Info: Link coloring ON on input line 14.
--- file some4.css ---


[1

]

[2]
LaTeX Font Info:    Trying to load font information for U+msa on input line 16.

(C:\Users\miner\AppData\Local\Programs\MiKTeX\tex/latex/amsfonts\umsa.fd
File: umsa.fd 2013/01/14 v3.01 AMS symbols A
)
LaTeX Font Info:    Trying to load font information for U+msb on input line 16.

(C:\Users\miner\AppData\Local\Programs\MiKTeX\tex/latex/amsfonts\umsb.fd
File: umsb.fd 2013/01/14 v3.01 AMS symbols B
)

LaTeX Warning: No \author given.



[3]

[4]
--- file some42.html ---
--- file some43.html ---


[5


]
--- file some44.html ---


[6

]
--- file some45.html ---


[7

]
--- file some46.html ---


[8

]

[9]

[10

]
l. 75 Writing some4.idv[1] (some40x.png)


[11

]
l. 84 Writing some4.idv[2] (some41x.png)
l. 86 Writing some4.idv[3] (some42x.png)


[12

]
--- file some47.html ---


[13

]
--- file some48.html ---


[14]

[15

]

[16]

[17] (some4.aux)
 ***********
LaTeX2e <2025-06-01> patch level 1
L3 programming layer <2025-07-20>
 ***********
 ) 
Here is how much of TeX's memory you used:
 14350 strings out of 468135
 209627 string characters out of 5430766
 740570 words of memory out of 5000000
 42610 multiletter control sequences out of 15000+600000
 636550 words of font info for 77 fonts, out of 8000000 for 9000
 1141 hyphenation exceptions out of 8191
 80i,6n,96p,3685b,581s stack positions out of 10000i,1000n,20000p,200000b,200000s

Output written on some4.dvi (17 pages, 81100 bytes).
